# JRE version: OpenJDK Runtime Environment (19.0.1+10) (build 19.0.1+10-21)
# Java VM: OpenJDK 64-Bit Server VM (19.0.1+10-21, mixed mode, emulated-client, sharing, tiered, compressed oops, compressed class ptrs, g1 gc, windows-amd64)
GC Precious Log:
 CardTable entry size: 512
 Card Set container configuration: InlinePtr #cards 5 size 8 Array Of Cards #cards 12 size 40 Howl #buckets 4 coarsen threshold 1843 Howl Bitmap #cards 512 size 80 coarsen threshold 460 Card regions per heap region 1 cards per card region 2048
 CPUs: 4 total, 4 available
 Memory: 8084M
 Large Page Support: Disabled
 NUMA Support: Disabled
 Compressed Oops: Enabled (32-bit)
 Heap Region Size: 1M
 Heap Min Capacity: 8M
 Heap Initial Capacity: 128M
 Heap Max Capacity: 2022M
 Pre-touch: Disabled
 Parallel Workers: 4
 Concurrent Workers: 1
 Concurrent Refinement Workers: 4
 Periodic GC: Disabled
Heap:
 garbage-first heap   total 58368K, used 34014K [0x0000000081a00000, 0x0000000100000000)
  region size 1024K, 14 young (14336K), 2 survivors (2048K)
 Metaspace       used 38216K, committed 38784K, reserved 1114112K
  class space    used 5145K, committed 5440K, reserved 1048576K
GC Heap History (18 events):
Event: 0.852 GC heap before
{Heap before GC invocations=0 (full 0):
 garbage-first heap   total 131072K, used 14336K [0x0000000081a00000, 0x0000000100000000)
  region size 1024K, 13 young (13312K), 0 survivors (0K)
 Metaspace       used 3736K, committed 3904K, reserved 1114112K
  class space    used 430K, committed 512K, reserved 1048576K
}
Event: 0.859 GC heap after
{Heap after GC invocations=1 (full 0):
 garbage-first heap   total 131072K, used 8239K [0x0000000081a00000, 0x0000000100000000)
  region size 1024K, 2 young (2048K), 2 survivors (2048K)
 Metaspace       used 3736K, committed 3904K, reserved 1114112K
  class space    used 430K, committed 512K, reserved 1048576K
}
Event: 1.713 GC heap before
{Heap before GC invocations=1 (full 0):
 garbage-first heap   total 131072K, used 20527K [0x0000000081a00000, 0x0000000100000000)
  region size 1024K, 14 young (14336K), 2 survivors (2048K)
 Metaspace       used 8227K, committed 8512K, reserved 1114112K
  class space    used 999K, committed 1088K, reserved 1048576K
}
Event: 1.721 GC heap after
{Heap after GC invocations=2 (full 0):
 garbage-first heap   total 131072K, used 10270K [0x0000000081a00000, 0x0000000100000000)
  region size 1024K, 2 young (2048K), 2 survivors (2048K)
 Metaspace       used 8227K, committed 8512K, reserved 1114112K
  class space    used 999K, committed 1088K, reserved 1048576K
}
Event: 3.073 GC heap before
{Heap before GC invocations=2 (full 0):
 garbage-first heap   total 131072K, used 36894K [0x0000000081a00000, 0x0000000100000000)
  region size 1024K, 29 young (29696K), 2 survivors (2048K)
 Metaspace       used 14475K, committed 14784K, reserved 1114112K
  class space    used 1958K, committed 2112K, reserved 1048576K
}
Event: 3.081 GC heap after
{Heap after GC invocations=3 (full 0):
 garbage-first heap   total 131072K, used 12314K [0x0000000081a00000, 0x0000000100000000)
  region size 1024K, 4 young (4096K), 4 survivors (4096K)
 Metaspace       used 14475K, committed 14784K, reserved 1114112K
  class space    used 1958K, committed 2112K, reserved 1048576K
}
Event: 3.787 GC heap before
{Heap before GC invocations=3 (full 0):
 garbage-first heap   total 131072K, used 42010K [0x0000000081a00000, 0x0000000100000000)
  region size 1024K, 35 young (35840K), 4 survivors (4096K)
 Metaspace       used 21201K, committed 21504K, reserved 1114112K
  class space    used 2760K, committed 2944K, reserved 1048576K
}
Event: 3.797 GC heap after
{Heap after GC invocations=4 (full 0):
 garbage-first heap   total 131072K, used 14762K [0x0000000081a00000, 0x0000000100000000)
  region size 1024K, 7 young (7168K), 7 survivors (7168K)
 Metaspace       used 21201K, committed 21504K, reserved 1114112K
  class space    used 2760K, committed 2944K, reserved 1048576K
}
Event: 5.283 GC heap before
{Heap before GC invocations=5 (full 0):
 garbage-first heap   total 58368K, used 42410K [0x0000000081a00000, 0x0000000100000000)
  region size 1024K, 34 young (34816K), 7 survivors (7168K)
 Metaspace       used 24358K, committed 24704K, reserved 1114112K
  class space    used 3248K, committed 3392K, reserved 1048576K
}
Event: 5.298 GC heap after
{Heap after GC invocations=6 (full 0):
 garbage-first heap   total 58368K, used 16882K [0x0000000081a00000, 0x0000000100000000)
  region size 1024K, 3 young (3072K), 3 survivors (3072K)
 Metaspace       used 24358K, committed 24704K, reserved 1114112K
  class space    used 3248K, committed 3392K, reserved 1048576K
}
Event: 5.343 GC heap before
{Heap before GC invocations=6 (full 0):
 garbage-first heap   total 58368K, used 17906K [0x0000000081a00000, 0x0000000100000000)
  region size 1024K, 4 young (4096K), 3 survivors (3072K)
 Metaspace       used 24452K, committed 24896K, reserved 1114112K
  class space    used 3260K, committed 3456K, reserved 1048576K
}
Event: 5.350 GC heap after
{Heap after GC invocations=7 (full 0):
 garbage-first heap   total 58368K, used 16981K [0x0000000081a00000, 0x0000000100000000)
  region size 1024K, 1 young (1024K), 1 survivors (1024K)
 Metaspace       used 24452K, committed 24896K, reserved 1114112K
  class space    used 3260K, committed 3456K, reserved 1048576K
}
Event: 6.554 GC heap before
{Heap before GC invocations=7 (full 0):
 garbage-first heap   total 58368K, used 39509K [0x0000000081a00000, 0x0000000100000000)
  region size 1024K, 24 young (24576K), 1 survivors (1024K)
 Metaspace       used 28571K, committed 29120K, reserved 1114112K
  class space    used 3863K, committed 4096K, reserved 1048576K
}
Event: 6.563 GC heap after
{Heap after GC invocations=8 (full 0):
 garbage-first heap   total 58368K, used 18997K [0x0000000081a00000, 0x0000000100000000)
  region size 1024K, 3 young (3072K), 3 survivors (3072K)
 Metaspace       used 28571K, committed 29120K, reserved 1114112K
  class space    used 3863K, committed 4096K, reserved 1048576K
}
Event: 7.714 GC heap before
{Heap before GC invocations=8 (full 0):
 garbage-first heap   total 58368K, used 40501K [0x0000000081a00000, 0x0000000100000000)
  region size 1024K, 25 young (25600K), 3 survivors (3072K)
 Metaspace       used 33570K, committed 34176K, reserved 1114112K
  class space    used 4442K, committed 4736K, reserved 1048576K
}
Event: 7.721 GC heap after
{Heap after GC invocations=9 (full 0):
 garbage-first heap   total 58368K, used 21551K [0x0000000081a00000, 0x0000000100000000)
  region size 1024K, 3 young (3072K), 3 survivors (3072K)
 Metaspace       used 33570K, committed 34176K, reserved 1114112K
  class space    used 4442K, committed 4736K, reserved 1048576K
}
Event: 8.158 GC heap before
{Heap before GC invocations=9 (full 0):
 garbage-first heap   total 58368K, used 30767K [0x0000000081a00000, 0x0000000100000000)
  region size 1024K, 13 young (13312K), 3 survivors (3072K)
 Metaspace       used 35369K, committed 35968K, reserved 1114112K
  class space    used 4676K, committed 4992K, reserved 1048576K
}
Event: 8.165 GC heap after
{Heap after GC invocations=10 (full 0):
 garbage-first heap   total 58368K, used 22750K [0x0000000081a00000, 0x0000000100000000)
  region size 1024K, 2 young (2048K), 2 survivors (2048K)
 Metaspace       used 35369K, committed 35968K, reserved 1114112K
  class space    used 4676K, committed 4992K, reserved 1048576K
}

